--- Current Directory: C:\NEXTA_OpenSource\Internal_release\importing_sample_data_sets\GIS_data_SLC ---

---DTALite: A Fast Open-Source DTA Simulation Engine---
Version 1.0.2, Release Date 12/10/2012.
Simulation Horizon (min) = 300
Departure Time Interval (min) = 15
Number of Iterations = 1
Traffic Flow Model =  BPR Function
Step 1: Reading file input_node.csv...
Step 2: Reading file input_link_type.csv..
Step 3: Reading file input_link.csv...
Step 5: Reading file input_activity_location.csv...
Step 6: Reading file input_vehicle_type.csv...
Step 7.1: Reading file input_demand_type.csv...
Step 7.2: Reading file input_pricing_type.csv...
Step 9: Reading file input_VOT.csv...
The following freeway/highway bottlenecks are identified.
merge into freeway with multiple freeway/ramps:No.0 4952 -> 1289 with 7 lanes and in flow capacity split 0.250
merge into freeway with multiple freeway/ramps:No.1 5018 -> 1289 with 7 lanes and in flow capacity split 0.250
merge into freeway with multiple freeway/ramps:No.2 11124 -> 1289 with 7 lanes and in flow capacity split 0.250
merge into freeway with multiple freeway/ramps:No.3 11125 -> 1289 with 7 lanes and in flow capacity split 0.250
merge into freeway with multiple freeway/ramps:No.0 4952 -> 1289 with 7 lanes and in flow capacity split 0.250
merge into freeway with multiple freeway/ramps:No.1 5018 -> 1289 with 7 lanes and in flow capacity split 0.250
merge into freeway with multiple freeway/ramps:No.2 11124 -> 1289 with 7 lanes and in flow capacity split 0.250
merge into freeway with multiple freeway/ramps:No.3 11125 -> 1289 with 7 lanes and in flow capacity split 0.250
merge into freeway with multiple freeway/ramps:No.0 4952 -> 1289 with 7 lanes and in flow capacity split 0.250
merge into freeway with multiple freeway/ramps:No.1 5018 -> 1289 with 7 lanes and in flow capacity split 0.250
merge into freeway with multiple freeway/ramps:No.2 11124 -> 1289 with 7 lanes and in flow capacity split 0.250
merge into freeway with multiple freeway/ramps:No.3 11125 -> 1289 with 7 lanes and in flow capacity split 0.250
merge into freeway with multiple freeway/ramps:No.0 4952 -> 1289 with 7 lanes and in flow capacity split 0.250
merge into freeway with multiple freeway/ramps:No.1 5018 -> 1289 with 7 lanes and in flow capacity split 0.250
merge into freeway with multiple freeway/ramps:No.2 11124 -> 1289 with 7 lanes and in flow capacity split 0.250
merge into freeway with multiple freeway/ramps:No.3 11125 -> 1289 with 7 lanes and in flow capacity split 0.250
merge into freeway with multiple freeway/ramps:No.0 11124 -> 1319 with 7 lanes and in flow capacity split 0.333
merge into freeway with multiple freeway/ramps:No.1 11146 -> 1319 with 7 lanes and in flow capacity split 0.333
merge into freeway with multiple freeway/ramps:No.2 11147 -> 1319 with 7 lanes and in flow capacity split 0.333
merge into freeway with multiple freeway/ramps:No.0 5589 -> 1322 with 7 lanes and in flow capacity split 0.333
merge into freeway with multiple freeway/ramps:No.1 11161 -> 1322 with 7 lanes and in flow capacity split 0.333
merge into freeway with multiple freeway/ramps:No.2 11160 -> 1322 with 7 lanes and in flow capacity split 0.333
merge into freeway with multiple freeway/ramps:No.0 5589 -> 1322 with 7 lanes and in flow capacity split 0.333
merge into freeway with multiple freeway/ramps:No.1 11161 -> 1322 with 7 lanes and in flow capacity split 0.333
merge into freeway with multiple freeway/ramps:No.2 11160 -> 1322 with 7 lanes and in flow capacity split 0.333
merge into freeway with multiple freeway/ramps:No.0 5210 -> 1349 with 7 lanes and in flow capacity split 0.333
merge into freeway with multiple freeway/ramps:No.1 5219 -> 1349 with 7 lanes and in flow capacity split 0.333
merge into freeway with multiple freeway/ramps:No.2 11181 -> 1349 with 7 lanes and in flow capacity split 0.333
merge into freeway with multiple freeway/ramps:No.0 5210 -> 1349 with 7 lanes and in flow capacity split 0.333
merge into freeway with multiple freeway/ramps:No.1 5219 -> 1349 with 7 lanes and in flow capacity split 0.333
merge into freeway with multiple freeway/ramps:No.2 11181 -> 1349 with 7 lanes and in flow capacity split 0.333
merge into freeway with multiple freeway/ramps:No.0 5210 -> 1349 with 7 lanes and in flow capacity split 0.333
merge into freeway with multiple freeway/ramps:No.1 5219 -> 1349 with 7 lanes and in flow capacity split 0.333
merge into freeway with multiple freeway/ramps:No.2 11181 -> 1349 with 7 lanes and in flow capacity split 0.333
merge into freeway with multiple freeway/ramps:No.0 5209 -> 1352 with 7 lanes and in flow capacity split 0.250
merge into freeway with multiple freeway/ramps:No.1 6256 -> 1352 with 7 lanes and in flow capacity split 0.250
merge into freeway with multiple freeway/ramps:No.2 11181 -> 1352 with 7 lanes and in flow capacity split 0.250
merge into freeway with multiple freeway/ramps:No.3 11261 -> 1352 with 7 lanes and in flow capacity split 0.250
merge into freeway with multiple freeway/ramps:No.0 5209 -> 1352 with 7 lanes and in flow capacity split 0.250
merge into freeway with multiple freeway/ramps:No.1 6256 -> 1352 with 7 lanes and in flow capacity split 0.250
merge into freeway with multiple freeway/ramps:No.2 11181 -> 1352 with 7 lanes and in flow capacity split 0.250
merge into freeway with multiple freeway/ramps:No.3 11261 -> 1352 with 7 lanes and in flow capacity split 0.250
merge into freeway with multiple freeway/ramps:No.0 5209 -> 1352 with 7 lanes and in flow capacity split 0.250
merge into freeway with multiple freeway/ramps:No.1 6256 -> 1352 with 7 lanes and in flow capacity split 0.250
merge into freeway with multiple freeway/ramps:No.2 11181 -> 1352 with 7 lanes and in flow capacity split 0.250
merge into freeway with multiple freeway/ramps:No.3 11261 -> 1352 with 7 lanes and in flow capacity split 0.250
merge into freeway with multiple freeway/ramps:No.0 5209 -> 1352 with 7 lanes and in flow capacity split 0.250
merge into freeway with multiple freeway/ramps:No.1 6256 -> 1352 with 7 lanes and in flow capacity split 0.250
merge into freeway with multiple freeway/ramps:No.2 11181 -> 1352 with 7 lanes and in flow capacity split 0.250
merge into freeway with multiple freeway/ramps:No.3 11261 -> 1352 with 7 lanes and in flow capacity split 0.250
merge into freeway with multiple freeway/ramps:No.0 5589 -> 1353 with 7 lanes and in flow capacity split 0.333
merge into freeway with multiple freeway/ramps:No.1 11172 -> 1353 with 7 lanes and in flow capacity split 0.333
merge into freeway with multiple freeway/ramps:No.2 11173 -> 1353 with 7 lanes and in flow capacity split 0.333
merge into freeway with multiple freeway/ramps:No.0 5589 -> 1353 with 7 lanes and in flow capacity split 0.333
merge into freeway with multiple freeway/ramps:No.1 11172 -> 1353 with 7 lanes and in flow capacity split 0.333
merge into freeway with multiple freeway/ramps:No.2 11173 -> 1353 with 7 lanes and in flow capacity split 0.333
merge into freeway with multiple freeway/ramps:No.0 5589 -> 1353 with 7 lanes and in flow capacity split 0.333
merge into freeway with multiple freeway/ramps:No.1 11172 -> 1353 with 7 lanes and in flow capacity split 0.333
merge into freeway with multiple freeway/ramps:No.2 11173 -> 1353 with 7 lanes and in flow capacity split 0.333
merge into freeway with multiple freeway/ramps:No.0 6255 -> 1356 with 7 lanes and in flow capacity split 0.250
merge into freeway with multiple freeway/ramps:No.1 6256 -> 1356 with 7 lanes and in flow capacity split 0.250
merge into freeway with multiple freeway/ramps:No.2 11183 -> 1356 with 7 lanes and in flow capacity split 0.250
merge into freeway with multiple freeway/ramps:No.3 11259 -> 1356 with 7 lanes and in flow capacity split 0.250
merge into freeway with multiple freeway/ramps:No.0 6255 -> 1356 with 7 lanes and in flow capacity split 0.250
merge into freeway with multiple freeway/ramps:No.1 6256 -> 1356 with 7 lanes and in flow capacity split 0.250
merge into freeway with multiple freeway/ramps:No.2 11183 -> 1356 with 7 lanes and in flow capacity split 0.250
merge into freeway with multiple freeway/ramps:No.3 11259 -> 1356 with 7 lanes and in flow capacity split 0.250
merge into freeway with multiple freeway/ramps:No.0 6255 -> 1356 with 7 lanes and in flow capacity split 0.250
merge into freeway with multiple freeway/ramps:No.1 6256 -> 1356 with 7 lanes and in flow capacity split 0.250
merge into freeway with multiple freeway/ramps:No.2 11183 -> 1356 with 7 lanes and in flow capacity split 0.250
merge into freeway with multiple freeway/ramps:No.3 11259 -> 1356 with 7 lanes and in flow capacity split 0.250
merge into freeway with multiple freeway/ramps:No.0 6255 -> 1356 with 7 lanes and in flow capacity split 0.250
merge into freeway with multiple freeway/ramps:No.1 6256 -> 1356 with 7 lanes and in flow capacity split 0.250
merge into freeway with multiple freeway/ramps:No.2 11183 -> 1356 with 7 lanes and in flow capacity split 0.250
merge into freeway with multiple freeway/ramps:No.3 11259 -> 1356 with 7 lanes and in flow capacity split 0.250
merge into freeway with multiple freeway/ramps:No.0 5174 -> 1357 with 7 lanes and in flow capacity split 0.333
merge into freeway with multiple freeway/ramps:No.1 5588 -> 1357 with 7 lanes and in flow capacity split 0.333
merge into freeway with multiple freeway/ramps:No.2 6255 -> 1357 with 7 lanes and in flow capacity split 0.333
merge into freeway with multiple freeway/ramps:No.0 5174 -> 1357 with 7 lanes and in flow capacity split 0.333
merge into freeway with multiple freeway/ramps:No.1 5588 -> 1357 with 7 lanes and in flow capacity split 0.333
merge into freeway with multiple freeway/ramps:No.2 6255 -> 1357 with 7 lanes and in flow capacity split 0.333
merge into freeway with multiple freeway/ramps:No.0 5174 -> 1357 with 7 lanes and in flow capacity split 0.333
merge into freeway with multiple freeway/ramps:No.1 5588 -> 1357 with 7 lanes and in flow capacity split 0.333
merge into freeway with multiple freeway/ramps:No.2 6255 -> 1357 with 7 lanes and in flow capacity split 0.333
merge into freeway with multiple freeway/ramps:No.0 10850 -> 1360 with 7 lanes and in flow capacity split 0.333
merge into freeway with multiple freeway/ramps:No.1 11489 -> 1360 with 7 lanes and in flow capacity split 0.333
merge into freeway with multiple freeway/ramps:No.2 5730 -> 1360 with 7 lanes and in flow capacity split 0.333
merge into freeway with multiple freeway/ramps:No.0 10850 -> 1360 with 7 lanes and in flow capacity split 0.333
merge into freeway with multiple freeway/ramps:No.1 11489 -> 1360 with 7 lanes and in flow capacity split 0.333
merge into freeway with multiple freeway/ramps:No.2 5730 -> 1360 with 7 lanes and in flow capacity split 0.333
merge into freeway with multiple freeway/ramps:No.0 11124 -> 1319 with 7 lanes and in flow capacity split 0.333
merge into freeway with multiple freeway/ramps:No.1 11146 -> 1319 with 7 lanes and in flow capacity split 0.333
merge into freeway with multiple freeway/ramps:No.2 11147 -> 1319 with 7 lanes and in flow capacity split 0.333
merge into freeway with multiple freeway/ramps:No.0 11124 -> 1319 with 7 lanes and in flow capacity split 0.333
merge into freeway with multiple freeway/ramps:No.1 11146 -> 1319 with 7 lanes and in flow capacity split 0.333
merge into freeway with multiple freeway/ramps:No.2 11147 -> 1319 with 7 lanes and in flow capacity split 0.333
merge into freeway with multiple freeway/ramps:No.0 5589 -> 1322 with 7 lanes and in flow capacity split 0.333
merge into freeway with multiple freeway/ramps:No.1 11161 -> 1322 with 7 lanes and in flow capacity split 0.333
merge into freeway with multiple freeway/ramps:No.2 11160 -> 1322 with 7 lanes and in flow capacity split 0.333
merge into freeway with multiple freeway/ramps:No.0 10850 -> 1360 with 7 lanes and in flow capacity split 0.333
merge into freeway with multiple freeway/ramps:No.1 11489 -> 1360 with 7 lanes and in flow capacity split 0.333
merge into freeway with multiple freeway/ramps:No.2 5730 -> 1360 with 7 lanes and in flow capacity split 0.333
Step 10: Reading files  based on user settings in  meta database file...
Total demand volume = 91.609
Total number of vehicles to be simulated = 91
Reading file Scenario_Incident.csv
incident records = 0
Reading file Scenario_Dynamic_Message_Sign.csv
VMS records = 0
Reading file Scenario_Link_Based_Toll.csv
Reading file Scenario_Work_Zone.csv
work zone records = 0
Number of Zones = 41
Number of Nodes = 149
Number of Links = 378
Number of Vehicles to be Simulated = 91
Demand Loading Period = 840 min -> 900 min.
Number of Vehicle Types = 5
Number of Demand Types = 4
Number of VOT records = 47
Number of iterations = 19
:: start assignment CPU Clock: 00:00:01 --
:: complete assignment CPU Clock: 00:00:01 --
simulation clock: 14:00, # of vehicles  -- Generated: 0, In network: 0
simulation clock: 14:05, # of vehicles  -- Generated: 7, In network: 4
simulation clock: 14:10, # of vehicles  -- Generated: 15, In network: 5
simulation clock: 14:15, # of vehicles  -- Generated: 22, In network: 3
simulation clock: 14:20, # of vehicles  -- Generated: 30, In network: 4
simulation clock: 14:25, # of vehicles  -- Generated: 37, In network: 3
simulation clock: 14:30, # of vehicles  -- Generated: 45, In network: 4
simulation clock: 14:35, # of vehicles  -- Generated: 52, In network: 3
simulation clock: 14:40, # of vehicles  -- Generated: 60, In network: 4
simulation clock: 14:45, # of vehicles  -- Generated: 67, In network: 3
simulation clock: 14:50, # of vehicles  -- Generated: 75, In network: 4
simulation clock: 14:55, # of vehicles  -- Generated: 82, In network: 3
simulation clock: 15:00, # of vehicles  -- Generated: 91, In network: 5
CPU Clock: 00:00:01 --Iteration: 0, Average Trip Time: 2.590, Travel Time Index: 1.459, Average Distance: 1.454, Switch %:100.000, Number of Vehicles Complete Their Trips: 91, 100.000%
:: complete assignment CPU Clock: 00:00:01 --
simulation clock: 14:00, # of vehicles  -- Generated: 0, In network: 0
simulation clock: 14:05, # of vehicles  -- Generated: 7, In network: 4
simulation clock: 14:10, # of vehicles  -- Generated: 15, In network: 5
simulation clock: 14:15, # of vehicles  -- Generated: 22, In network: 3
simulation clock: 14:20, # of vehicles  -- Generated: 30, In network: 4
simulation clock: 14:25, # of vehicles  -- Generated: 37, In network: 3
simulation clock: 14:30, # of vehicles  -- Generated: 45, In network: 4
simulation clock: 14:35, # of vehicles  -- Generated: 52, In network: 3
simulation clock: 14:40, # of vehicles  -- Generated: 60, In network: 4
simulation clock: 14:45, # of vehicles  -- Generated: 67, In network: 3
simulation clock: 14:50, # of vehicles  -- Generated: 75, In network: 4
simulation clock: 14:55, # of vehicles  -- Generated: 82, In network: 3
simulation clock: 15:00, # of vehicles  -- Generated: 91, In network: 5
CPU Clock: 00:00:01 --Iteration: 1, Average Trip Time: 2.590, Travel Time Index: 1.459, Average Distance: 1.454, Switch %:0.000, Number of Vehicles Complete Their Trips: 91, 100.000%
:: complete assignment CPU Clock: 00:00:01 --
simulation clock: 14:00, # of vehicles  -- Generated: 0, In network: 0
simulation clock: 14:05, # of vehicles  -- Generated: 7, In network: 4
simulation clock: 14:10, # of vehicles  -- Generated: 15, In network: 5
simulation clock: 14:15, # of vehicles  -- Generated: 22, In network: 3
simulation clock: 14:20, # of vehicles  -- Generated: 30, In network: 4
simulation clock: 14:25, # of vehicles  -- Generated: 37, In network: 3
simulation clock: 14:30, # of vehicles  -- Generated: 45, In network: 4
simulation clock: 14:35, # of vehicles  -- Generated: 52, In network: 3
simulation clock: 14:40, # of vehicles  -- Generated: 60, In network: 4
simulation clock: 14:45, # of vehicles  -- Generated: 67, In network: 3
simulation clock: 14:50, # of vehicles  -- Generated: 75, In network: 4
simulation clock: 14:55, # of vehicles  -- Generated: 82, In network: 3
simulation clock: 15:00, # of vehicles  -- Generated: 91, In network: 5
CPU Clock: 00:00:01 --Iteration: 2, Average Trip Time: 2.590, Travel Time Index: 1.459, Average Distance: 1.454, Switch %:0.000, Number of Vehicles Complete Their Trips: 91, 100.000%
:: complete assignment CPU Clock: 00:00:01 --
simulation clock: 14:00, # of vehicles  -- Generated: 0, In network: 0
simulation clock: 14:05, # of vehicles  -- Generated: 7, In network: 4
simulation clock: 14:10, # of vehicles  -- Generated: 15, In network: 5
simulation clock: 14:15, # of vehicles  -- Generated: 22, In network: 3
simulation clock: 14:20, # of vehicles  -- Generated: 30, In network: 4
simulation clock: 14:25, # of vehicles  -- Generated: 37, In network: 3
simulation clock: 14:30, # of vehicles  -- Generated: 45, In network: 4
simulation clock: 14:35, # of vehicles  -- Generated: 52, In network: 3
simulation clock: 14:40, # of vehicles  -- Generated: 60, In network: 4
simulation clock: 14:45, # of vehicles  -- Generated: 67, In network: 3
simulation clock: 14:50, # of vehicles  -- Generated: 75, In network: 4
simulation clock: 14:55, # of vehicles  -- Generated: 82, In network: 3
simulation clock: 15:00, # of vehicles  -- Generated: 91, In network: 5
CPU Clock: 00:00:01 --Iteration: 3, Average Trip Time: 2.590, Travel Time Index: 1.459, Average Distance: 1.454, Switch %:0.000, Number of Vehicles Complete Their Trips: 91, 100.000%
:: complete assignment CPU Clock: 00:00:01 --
simulation clock: 14:00, # of vehicles  -- Generated: 0, In network: 0
simulation clock: 14:05, # of vehicles  -- Generated: 7, In network: 4
simulation clock: 14:10, # of vehicles  -- Generated: 15, In network: 5
simulation clock: 14:15, # of vehicles  -- Generated: 22, In network: 3
simulation clock: 14:20, # of vehicles  -- Generated: 30, In network: 4
simulation clock: 14:25, # of vehicles  -- Generated: 37, In network: 3
simulation clock: 14:30, # of vehicles  -- Generated: 45, In network: 4
simulation clock: 14:35, # of vehicles  -- Generated: 52, In network: 3
simulation clock: 14:40, # of vehicles  -- Generated: 60, In network: 4
simulation clock: 14:45, # of vehicles  -- Generated: 67, In network: 3
simulation clock: 14:50, # of vehicles  -- Generated: 75, In network: 4
simulation clock: 14:55, # of vehicles  -- Generated: 82, In network: 3
simulation clock: 15:00, # of vehicles  -- Generated: 91, In network: 5
CPU Clock: 00:00:02 --Iteration: 4, Average Trip Time: 2.590, Travel Time Index: 1.459, Average Distance: 1.454, Switch %:0.000, Number of Vehicles Complete Their Trips: 91, 100.000%
:: complete assignment CPU Clock: 00:00:02 --
simulation clock: 14:00, # of vehicles  -- Generated: 0, In network: 0
simulation clock: 14:05, # of vehicles  -- Generated: 7, In network: 4
simulation clock: 14:10, # of vehicles  -- Generated: 15, In network: 5
simulation clock: 14:15, # of vehicles  -- Generated: 22, In network: 3
simulation clock: 14:20, # of vehicles  -- Generated: 30, In network: 4
simulation clock: 14:25, # of vehicles  -- Generated: 37, In network: 3
simulation clock: 14:30, # of vehicles  -- Generated: 45, In network: 4
simulation clock: 14:35, # of vehicles  -- Generated: 52, In network: 3
simulation clock: 14:40, # of vehicles  -- Generated: 60, In network: 4
simulation clock: 14:45, # of vehicles  -- Generated: 67, In network: 3
simulation clock: 14:50, # of vehicles  -- Generated: 75, In network: 4
simulation clock: 14:55, # of vehicles  -- Generated: 82, In network: 3
simulation clock: 15:00, # of vehicles  -- Generated: 91, In network: 5
CPU Clock: 00:00:02 --Iteration: 5, Average Trip Time: 2.590, Travel Time Index: 1.459, Average Distance: 1.454, Switch %:0.000, Number of Vehicles Complete Their Trips: 91, 100.000%
:: complete assignment CPU Clock: 00:00:02 --
simulation clock: 14:00, # of vehicles  -- Generated: 0, In network: 0
simulation clock: 14:05, # of vehicles  -- Generated: 7, In network: 4
simulation clock: 14:10, # of vehicles  -- Generated: 15, In network: 5
simulation clock: 14:15, # of vehicles  -- Generated: 22, In network: 3
simulation clock: 14:20, # of vehicles  -- Generated: 30, In network: 4
simulation clock: 14:25, # of vehicles  -- Generated: 37, In network: 3
simulation clock: 14:30, # of vehicles  -- Generated: 45, In network: 4
simulation clock: 14:35, # of vehicles  -- Generated: 52, In network: 3
simulation clock: 14:40, # of vehicles  -- Generated: 60, In network: 4
simulation clock: 14:45, # of vehicles  -- Generated: 67, In network: 3
simulation clock: 14:50, # of vehicles  -- Generated: 75, In network: 4
simulation clock: 14:55, # of vehicles  -- Generated: 82, In network: 3
simulation clock: 15:00, # of vehicles  -- Generated: 91, In network: 5
CPU Clock: 00:00:02 --Iteration: 6, Average Trip Time: 2.590, Travel Time Index: 1.459, Average Distance: 1.454, Switch %:0.000, Number of Vehicles Complete Their Trips: 91, 100.000%
:: complete assignment CPU Clock: 00:00:02 --
simulation clock: 14:00, # of vehicles  -- Generated: 0, In network: 0
simulation clock: 14:05, # of vehicles  -- Generated: 7, In network: 4
simulation clock: 14:10, # of vehicles  -- Generated: 15, In network: 5
simulation clock: 14:15, # of vehicles  -- Generated: 22, In network: 3
simulation clock: 14:20, # of vehicles  -- Generated: 30, In network: 4
simulation clock: 14:25, # of vehicles  -- Generated: 37, In network: 3
simulation clock: 14:30, # of vehicles  -- Generated: 45, In network: 4
simulation clock: 14:35, # of vehicles  -- Generated: 52, In network: 3
simulation clock: 14:40, # of vehicles  -- Generated: 60, In network: 4
simulation clock: 14:45, # of vehicles  -- Generated: 67, In network: 3
simulation clock: 14:50, # of vehicles  -- Generated: 75, In network: 4
simulation clock: 14:55, # of vehicles  -- Generated: 82, In network: 3
simulation clock: 15:00, # of vehicles  -- Generated: 91, In network: 5
CPU Clock: 00:00:02 --Iteration: 7, Average Trip Time: 2.590, Travel Time Index: 1.459, Average Distance: 1.454, Switch %:0.000, Number of Vehicles Complete Their Trips: 91, 100.000%
:: complete assignment CPU Clock: 00:00:02 --
simulation clock: 14:00, # of vehicles  -- Generated: 0, In network: 0
simulation clock: 14:05, # of vehicles  -- Generated: 7, In network: 4
simulation clock: 14:10, # of vehicles  -- Generated: 15, In network: 5
simulation clock: 14:15, # of vehicles  -- Generated: 22, In network: 3
simulation clock: 14:20, # of vehicles  -- Generated: 30, In network: 4
simulation clock: 14:25, # of vehicles  -- Generated: 37, In network: 3
simulation clock: 14:30, # of vehicles  -- Generated: 45, In network: 4
simulation clock: 14:35, # of vehicles  -- Generated: 52, In network: 3
simulation clock: 14:40, # of vehicles  -- Generated: 60, In network: 4
simulation clock: 14:45, # of vehicles  -- Generated: 67, In network: 3
simulation clock: 14:50, # of vehicles  -- Generated: 75, In network: 4
simulation clock: 14:55, # of vehicles  -- Generated: 82, In network: 3
simulation clock: 15:00, # of vehicles  -- Generated: 91, In network: 5
CPU Clock: 00:00:02 --Iteration: 8, Average Trip Time: 2.590, Travel Time Index: 1.459, Average Distance: 1.454, Switch %:0.000, Number of Vehicles Complete Their Trips: 91, 100.000%
:: complete assignment CPU Clock: 00:00:02 --
simulation clock: 14:00, # of vehicles  -- Generated: 0, In network: 0
simulation clock: 14:05, # of vehicles  -- Generated: 7, In network: 4
simulation clock: 14:10, # of vehicles  -- Generated: 15, In network: 5
simulation clock: 14:15, # of vehicles  -- Generated: 22, In network: 3
simulation clock: 14:20, # of vehicles  -- Generated: 30, In network: 4
simulation clock: 14:25, # of vehicles  -- Generated: 37, In network: 3
simulation clock: 14:30, # of vehicles  -- Generated: 45, In network: 4
simulation clock: 14:35, # of vehicles  -- Generated: 52, In network: 3
simulation clock: 14:40, # of vehicles  -- Generated: 60, In network: 4
simulation clock: 14:45, # of vehicles  -- Generated: 67, In network: 3
simulation clock: 14:50, # of vehicles  -- Generated: 75, In network: 4
simulation clock: 14:55, # of vehicles  -- Generated: 82, In network: 3
simulation clock: 15:00, # of vehicles  -- Generated: 91, In network: 5
CPU Clock: 00:00:03 --Iteration: 9, Average Trip Time: 2.590, Travel Time Index: 1.459, Average Distance: 1.454, Switch %:0.000, Number of Vehicles Complete Their Trips: 91, 100.000%
:: complete assignment CPU Clock: 00:00:03 --
simulation clock: 14:00, # of vehicles  -- Generated: 0, In network: 0
simulation clock: 14:05, # of vehicles  -- Generated: 7, In network: 4
simulation clock: 14:10, # of vehicles  -- Generated: 15, In network: 5
simulation clock: 14:15, # of vehicles  -- Generated: 22, In network: 3
simulation clock: 14:20, # of vehicles  -- Generated: 30, In network: 4
simulation clock: 14:25, # of vehicles  -- Generated: 37, In network: 3
simulation clock: 14:30, # of vehicles  -- Generated: 45, In network: 4
simulation clock: 14:35, # of vehicles  -- Generated: 52, In network: 3
simulation clock: 14:40, # of vehicles  -- Generated: 60, In network: 4
simulation clock: 14:45, # of vehicles  -- Generated: 67, In network: 3
simulation clock: 14:50, # of vehicles  -- Generated: 75, In network: 4
simulation clock: 14:55, # of vehicles  -- Generated: 82, In network: 3
simulation clock: 15:00, # of vehicles  -- Generated: 91, In network: 5
CPU Clock: 00:00:03 --Iteration: 10, Average Trip Time: 2.590, Travel Time Index: 1.459, Average Distance: 1.454, Switch %:0.000, Number of Vehicles Complete Their Trips: 91, 100.000%
:: complete assignment CPU Clock: 00:00:03 --
simulation clock: 14:00, # of vehicles  -- Generated: 0, In network: 0
simulation clock: 14:05, # of vehicles  -- Generated: 7, In network: 4
simulation clock: 14:10, # of vehicles  -- Generated: 15, In network: 5
simulation clock: 14:15, # of vehicles  -- Generated: 22, In network: 3
simulation clock: 14:20, # of vehicles  -- Generated: 30, In network: 4
simulation clock: 14:25, # of vehicles  -- Generated: 37, In network: 3
simulation clock: 14:30, # of vehicles  -- Generated: 45, In network: 4
simulation clock: 14:35, # of vehicles  -- Generated: 52, In network: 3
simulation clock: 14:40, # of vehicles  -- Generated: 60, In network: 4
simulation clock: 14:45, # of vehicles  -- Generated: 67, In network: 3
simulation clock: 14:50, # of vehicles  -- Generated: 75, In network: 4
simulation clock: 14:55, # of vehicles  -- Generated: 82, In network: 3
simulation clock: 15:00, # of vehicles  -- Generated: 91, In network: 5
CPU Clock: 00:00:03 --Iteration: 11, Average Trip Time: 2.590, Travel Time Index: 1.459, Average Distance: 1.454, Switch %:0.000, Number of Vehicles Complete Their Trips: 91, 100.000%
:: complete assignment CPU Clock: 00:00:03 --
simulation clock: 14:00, # of vehicles  -- Generated: 0, In network: 0
simulation clock: 14:05, # of vehicles  -- Generated: 7, In network: 4
simulation clock: 14:10, # of vehicles  -- Generated: 15, In network: 5
simulation clock: 14:15, # of vehicles  -- Generated: 22, In network: 3
simulation clock: 14:20, # of vehicles  -- Generated: 30, In network: 4
simulation clock: 14:25, # of vehicles  -- Generated: 37, In network: 3
simulation clock: 14:30, # of vehicles  -- Generated: 45, In network: 4
simulation clock: 14:35, # of vehicles  -- Generated: 52, In network: 3
simulation clock: 14:40, # of vehicles  -- Generated: 60, In network: 4
simulation clock: 14:45, # of vehicles  -- Generated: 67, In network: 3
simulation clock: 14:50, # of vehicles  -- Generated: 75, In network: 4
simulation clock: 14:55, # of vehicles  -- Generated: 82, In network: 3
simulation clock: 15:00, # of vehicles  -- Generated: 91, In network: 5
CPU Clock: 00:00:03 --Iteration: 12, Average Trip Time: 2.590, Travel Time Index: 1.459, Average Distance: 1.454, Switch %:0.000, Number of Vehicles Complete Their Trips: 91, 100.000%
:: complete assignment CPU Clock: 00:00:03 --
simulation clock: 14:00, # of vehicles  -- Generated: 0, In network: 0
simulation clock: 14:05, # of vehicles  -- Generated: 7, In network: 4
simulation clock: 14:10, # of vehicles  -- Generated: 15, In network: 5
simulation clock: 14:15, # of vehicles  -- Generated: 22, In network: 3
simulation clock: 14:20, # of vehicles  -- Generated: 30, In network: 4
simulation clock: 14:25, # of vehicles  -- Generated: 37, In network: 3
simulation clock: 14:30, # of vehicles  -- Generated: 45, In network: 4
simulation clock: 14:35, # of vehicles  -- Generated: 52, In network: 3
simulation clock: 14:40, # of vehicles  -- Generated: 60, In network: 4
simulation clock: 14:45, # of vehicles  -- Generated: 67, In network: 3
simulation clock: 14:50, # of vehicles  -- Generated: 75, In network: 4
simulation clock: 14:55, # of vehicles  -- Generated: 82, In network: 3
simulation clock: 15:00, # of vehicles  -- Generated: 91, In network: 5
CPU Clock: 00:00:03 --Iteration: 13, Average Trip Time: 2.590, Travel Time Index: 1.459, Average Distance: 1.454, Switch %:0.000, Number of Vehicles Complete Their Trips: 91, 100.000%
:: complete assignment CPU Clock: 00:00:03 --
simulation clock: 14:00, # of vehicles  -- Generated: 0, In network: 0
simulation clock: 14:05, # of vehicles  -- Generated: 7, In network: 4
simulation clock: 14:10, # of vehicles  -- Generated: 15, In network: 5
simulation clock: 14:15, # of vehicles  -- Generated: 22, In network: 3
simulation clock: 14:20, # of vehicles  -- Generated: 30, In network: 4
simulation clock: 14:25, # of vehicles  -- Generated: 37, In network: 3
simulation clock: 14:30, # of vehicles  -- Generated: 45, In network: 4
simulation clock: 14:35, # of vehicles  -- Generated: 52, In network: 3
simulation clock: 14:40, # of vehicles  -- Generated: 60, In network: 4
simulation clock: 14:45, # of vehicles  -- Generated: 67, In network: 3
simulation clock: 14:50, # of vehicles  -- Generated: 75, In network: 4
simulation clock: 14:55, # of vehicles  -- Generated: 82, In network: 3
simulation clock: 15:00, # of vehicles  -- Generated: 91, In network: 5
CPU Clock: 00:00:03 --Iteration: 14, Average Trip Time: 2.590, Travel Time Index: 1.459, Average Distance: 1.454, Switch %:0.000, Number of Vehicles Complete Their Trips: 91, 100.000%
:: complete assignment CPU Clock: 00:00:03 --
simulation clock: 14:00, # of vehicles  -- Generated: 0, In network: 0
simulation clock: 14:05, # of vehicles  -- Generated: 7, In network: 4
simulation clock: 14:10, # of vehicles  -- Generated: 15, In network: 5
simulation clock: 14:15, # of vehicles  -- Generated: 22, In network: 3
simulation clock: 14:20, # of vehicles  -- Generated: 30, In network: 4
simulation clock: 14:25, # of vehicles  -- Generated: 37, In network: 3
simulation clock: 14:30, # of vehicles  -- Generated: 45, In network: 4
simulation clock: 14:35, # of vehicles  -- Generated: 52, In network: 3
simulation clock: 14:40, # of vehicles  -- Generated: 60, In network: 4
simulation clock: 14:45, # of vehicles  -- Generated: 67, In network: 3
simulation clock: 14:50, # of vehicles  -- Generated: 75, In network: 4
simulation clock: 14:55, # of vehicles  -- Generated: 82, In network: 3
simulation clock: 15:00, # of vehicles  -- Generated: 91, In network: 5
CPU Clock: 00:00:04 --Iteration: 15, Average Trip Time: 2.590, Travel Time Index: 1.459, Average Distance: 1.454, Switch %:0.000, Number of Vehicles Complete Their Trips: 91, 100.000%
:: complete assignment CPU Clock: 00:00:04 --
simulation clock: 14:00, # of vehicles  -- Generated: 0, In network: 0
simulation clock: 14:05, # of vehicles  -- Generated: 7, In network: 4
simulation clock: 14:10, # of vehicles  -- Generated: 15, In network: 5
simulation clock: 14:15, # of vehicles  -- Generated: 22, In network: 3
simulation clock: 14:20, # of vehicles  -- Generated: 30, In network: 4
simulation clock: 14:25, # of vehicles  -- Generated: 37, In network: 3
simulation clock: 14:30, # of vehicles  -- Generated: 45, In network: 4
simulation clock: 14:35, # of vehicles  -- Generated: 52, In network: 3
simulation clock: 14:40, # of vehicles  -- Generated: 60, In network: 4
simulation clock: 14:45, # of vehicles  -- Generated: 67, In network: 3
simulation clock: 14:50, # of vehicles  -- Generated: 75, In network: 4
simulation clock: 14:55, # of vehicles  -- Generated: 82, In network: 3
simulation clock: 15:00, # of vehicles  -- Generated: 91, In network: 5
CPU Clock: 00:00:04 --Iteration: 16, Average Trip Time: 2.590, Travel Time Index: 1.459, Average Distance: 1.454, Switch %:0.000, Number of Vehicles Complete Their Trips: 91, 100.000%
:: complete assignment CPU Clock: 00:00:04 --
simulation clock: 14:00, # of vehicles  -- Generated: 0, In network: 0
simulation clock: 14:05, # of vehicles  -- Generated: 7, In network: 4
simulation clock: 14:10, # of vehicles  -- Generated: 15, In network: 5
simulation clock: 14:15, # of vehicles  -- Generated: 22, In network: 3
simulation clock: 14:20, # of vehicles  -- Generated: 30, In network: 4
simulation clock: 14:25, # of vehicles  -- Generated: 37, In network: 3
simulation clock: 14:30, # of vehicles  -- Generated: 45, In network: 4
simulation clock: 14:35, # of vehicles  -- Generated: 52, In network: 3
simulation clock: 14:40, # of vehicles  -- Generated: 60, In network: 4
simulation clock: 14:45, # of vehicles  -- Generated: 67, In network: 3
simulation clock: 14:50, # of vehicles  -- Generated: 75, In network: 4
simulation clock: 14:55, # of vehicles  -- Generated: 82, In network: 3
simulation clock: 15:00, # of vehicles  -- Generated: 91, In network: 5
CPU Clock: 00:00:04 --Iteration: 17, Average Trip Time: 2.590, Travel Time Index: 1.459, Average Distance: 1.454, Switch %:0.000, Number of Vehicles Complete Their Trips: 91, 100.000%
:: complete assignment CPU Clock: 00:00:04 --
simulation clock: 14:00, # of vehicles  -- Generated: 0, In network: 0
simulation clock: 14:05, # of vehicles  -- Generated: 7, In network: 4
simulation clock: 14:10, # of vehicles  -- Generated: 15, In network: 5
simulation clock: 14:15, # of vehicles  -- Generated: 22, In network: 3
simulation clock: 14:20, # of vehicles  -- Generated: 30, In network: 4
simulation clock: 14:25, # of vehicles  -- Generated: 37, In network: 3
simulation clock: 14:30, # of vehicles  -- Generated: 45, In network: 4
simulation clock: 14:35, # of vehicles  -- Generated: 52, In network: 3
simulation clock: 14:40, # of vehicles  -- Generated: 60, In network: 4
simulation clock: 14:45, # of vehicles  -- Generated: 67, In network: 3
simulation clock: 14:50, # of vehicles  -- Generated: 75, In network: 4
simulation clock: 14:55, # of vehicles  -- Generated: 82, In network: 3
simulation clock: 15:00, # of vehicles  -- Generated: 91, In network: 5
CPU Clock: 00:00:04 --Iteration: 18, Average Trip Time: 2.590, Travel Time Index: 1.459, Average Distance: 1.454, Switch %:0.000, Number of Vehicles Complete Their Trips: 91, 100.000%
:: complete assignment CPU Clock: 00:00:04 --
simulation clock: 14:00, # of vehicles  -- Generated: 0, In network: 0
simulation clock: 14:05, # of vehicles  -- Generated: 7, In network: 4
simulation clock: 14:10, # of vehicles  -- Generated: 15, In network: 5
simulation clock: 14:15, # of vehicles  -- Generated: 22, In network: 3
simulation clock: 14:20, # of vehicles  -- Generated: 30, In network: 4
simulation clock: 14:25, # of vehicles  -- Generated: 37, In network: 3
simulation clock: 14:30, # of vehicles  -- Generated: 45, In network: 4
simulation clock: 14:35, # of vehicles  -- Generated: 52, In network: 3
simulation clock: 14:40, # of vehicles  -- Generated: 60, In network: 4
simulation clock: 14:45, # of vehicles  -- Generated: 67, In network: 3
simulation clock: 14:50, # of vehicles  -- Generated: 75, In network: 4
simulation clock: 14:55, # of vehicles  -- Generated: 82, In network: 3
simulation clock: 15:00, # of vehicles  -- Generated: 91, In network: 5
CPU Clock: 00:00:04 --Iteration: 19, Average Trip Time: 2.590, Travel Time Index: 1.459, Average Distance: 1.454, Switch %:0.000, Number of Vehicles Complete Their Trips: 91, 100.000%
--- MOE for vehicles completing trips ---
 # of Vehicles = 91 AvgTripTime = 2.623 (min), AvgDistance = 1.454 (miles), AvgSpeed =  33.258 (mph)
--- MOE for Each Information Class ---
Hist Knowledge (VMS non-responsive): # of Vehicles = 91 ,AvgTripTime = 2.623 (min), AvgDistance = 1.454 (miles), AvgSpeed =  33.258 (mph)

--- MOE for Each Vehicle Type ---
LOV Passenger Car: # of Vehicles = 91 ,AvgTripTime = 2.623 (min), AvgDistance = 1.454 (miles), AvgSpeed =  33.258 (mph)

--- MOE for Each Departure Time Interval ---
Time:840 min, # of Vehicles = 22 ,AvgTripTime = 2.670 (min), AvgDistance = 1.454 (miles), AvgSpeed =  32.682 (mph)
Time:855 min, # of Vehicles = 22 ,AvgTripTime = 2.425 (min), AvgDistance = 1.454 (miles), AvgSpeed =  35.973 (mph)
Time:870 min, # of Vehicles = 23 ,AvgTripTime = 2.611 (min), AvgDistance = 1.454 (miles), AvgSpeed =  33.409 (mph)
Time:885 min, # of Vehicles = 22 ,AvgTripTime = 2.764 (min), AvgDistance = 1.454 (miles), AvgSpeed =  31.562 (mph)

